TN:
SF:/Users/posidoni/s21_matrix/src/s21_matrix.c
FN:5,s21_create_matrix
FNDA:1404,s21_create_matrix
FN:28,s21_remove_matrix
FNDA:1402,s21_remove_matrix
FN:35,s21_eq_matrix
FNDA:401,s21_eq_matrix
FN:47,s21_sum_matrix
FNDA:100,s21_sum_matrix
FN:58,s21_sub_matrix
FNDA:100,s21_sub_matrix
FN:69,s21_mult_number
FNDA:100,s21_mult_number
FN:79,s21_mult_matrix
FNDA:0,s21_mult_matrix
FN:86,s21_transpose
FNDA:0,s21_transpose
FN:93,s21_calc_complements
FNDA:0,s21_calc_complements
FN:96,s21_determinant
FNDA:0,s21_determinant
FN:99,s21_inverse_matrix
FNDA:0,s21_inverse_matrix
FNF:11
FNH:6
DA:5,1404
DA:6,1404
DA:8,1404
DA:9,1402
DA:10,1402
DA:11,1402
DA:12,1402
DA:14,1402
DA:15,71322
DA:16,69920
DA:17,69920
DA:18,0
DA:21,1402
DA:25,1404
DA:28,1402
DA:29,71322
DA:30,69920
DA:32,1402
DA:33,1402
DA:35,401
DA:36,401
DA:37,0
DA:39,20202
DA:40,1028656
DA:41,1008855
DA:42,1
DA:44,400
DA:47,100
DA:48,100
DA:49,0
DA:51,5446
DA:52,281112
DA:53,275766
DA:55,100
DA:58,100
DA:59,100
DA:60,0
DA:62,5048
DA:63,273403
DA:64,268455
DA:66,100
DA:69,100
DA:70,100
DA:71,0
DA:73,4861
DA:74,234607
DA:75,229846
DA:76,100
DA:79,0
DA:80,0
DA:81,0
DA:83,0
DA:86,0
DA:87,0
DA:93,0
DA:94,0
DA:96,0
DA:97,0
DA:99,0
DA:100,0
LF:60
LH:43
end_of_record
