TN:
SF:/Users/posidoni/s21_matrix/src/s21_calc_complements.c
FN:5,s21_calc_complements
FNDA:6,s21_calc_complements
FN:21,adjoint
FNDA:6,adjoint
FNF:2
FNH:2
DA:5,6
DA:6,6
DA:8,6
DA:9,0
DA:10,6
DA:11,0
DA:13,6
DA:15,6
DA:16,6
DA:18,6
DA:21,6
DA:22,6
DA:23,0
DA:24,0
DA:27,6
DA:28,6
DA:29,6
DA:30,0
DA:32,24
DA:33,18
DA:34,18
DA:35,0
DA:38,6
DA:39,24
DA:40,72
DA:41,54
DA:42,54
DA:43,54
DA:46,24
DA:47,18
DA:48,6
LF:31
LH:25
end_of_record
TN:
SF:/Users/posidoni/s21_matrix/src/s21_create_matrix.c
FN:3,s21_create_matrix
FNDA:32958,s21_create_matrix
FNF:1
FNH:1
DA:3,32958
DA:4,32958
DA:6,32958
DA:7,32952
DA:8,32952
DA:9,32952
DA:10,32952
DA:12,32952
DA:13,1672110
DA:14,1639158
DA:15,1639158
DA:16,0
DA:18,32952
DA:22,32958
LF:14
LH:13
end_of_record
TN:
SF:/Users/posidoni/s21_matrix/src/s21_determinant.c
FN:3,s21_determinant
FNDA:9,s21_determinant
FN:18,s21_determinant_rec
FNDA:840,s21_determinant_rec
FNF:2
FNH:2
DA:3,9
DA:4,9
DA:5,0
DA:7,9
DA:8,0
DA:10,9
DA:11,0
DA:13,9
DA:15,9
DA:18,840
DA:19,840
DA:20,504
DA:22,336
DA:24,336
DA:26,1113
DA:27,777
DA:28,777
DA:29,777
DA:30,0
DA:32,1917
DA:33,1140
DA:34,4356
DA:36,3216
DA:37,1140
DA:41,2076
DA:42,2076
DA:46,777
DA:47,777
DA:48,777
DA:51,336
LF:30
LH:26
end_of_record
TN:
SF:/Users/posidoni/s21_matrix/src/s21_eq_matrix.c
FN:3,s21_eq_matrix
FNDA:7212,s21_eq_matrix
FNF:1
FNH:1
DA:3,7212
DA:4,7212
DA:5,7212
DA:6,0
DA:8,375624
DA:9,21481526
DA:10,21113114
DA:11,3
DA:13,7209
LF:9
LH:8
end_of_record
TN:
SF:/Users/posidoni/s21_matrix/src/s21_helpers.c
FN:3,s21_check_matrix
FNDA:20448,s21_check_matrix
FNF:1
FNH:1
DA:3,20448
DA:4,20448
DA:6,20448
DA:7,0
DA:10,20448
LF:5
LH:4
end_of_record
TN:
SF:/Users/posidoni/s21_matrix/src/s21_inverse_matrix.c
FN:5,s21_inverse_matrix
FNDA:3,s21_inverse_matrix
FNF:1
FNH:1
DA:5,3
DA:6,3
DA:7,0
DA:9,3
DA:10,0
DA:12,3
DA:13,3
DA:15,3
DA:16,3
DA:18,3
DA:19,0
DA:21,3
DA:22,3
DA:23,3
DA:24,3
DA:25,3
DA:26,3
DA:28,3
DA:30,12
DA:31,36
DA:32,27
DA:34,3
DA:37,3
LF:23
LH:20
end_of_record
TN:
SF:/Users/posidoni/s21_matrix/src/s21_mult_matrix.c
FN:3,s21_mult_matrix
FNDA:3003,s21_mult_matrix
FNF:1
FNH:1
DA:3,3003
DA:4,3003
DA:5,0
DA:7,3003
DA:8,0
DA:10,3003
DA:12,3003
DA:13,157946
DA:14,10572842
DA:15,10417899
DA:16,533328044
DA:17,522910145
DA:23,3003
LF:13
LH:11
end_of_record
TN:
SF:/Users/posidoni/s21_matrix/src/s21_mult_number.c
FN:3,s21_mult_number
FNDA:300,s21_mult_number
FNF:1
FNH:1
DA:3,300
DA:4,300
DA:6,300
DA:7,15798
DA:8,771668
DA:9,756170
DA:12,300
LF:7
LH:7
end_of_record
TN:
SF:/Users/posidoni/s21_matrix/src/s21_remove_matrix.c
FN:3,s21_remove_matrix
FNDA:26031,s21_remove_matrix
FN:18,s21_halt
FNDA:1,s21_halt
FNF:2
FNH:2
DA:3,26031
DA:4,26031
DA:5,1311983
DA:6,1285952
DA:8,26031
DA:10,26031
DA:18,1
DA:19,1
DA:20,1
DA:21,1
LF:10
LH:10
end_of_record
TN:
SF:/Users/posidoni/s21_matrix/src/s21_sub_matrix.c
FN:3,s21_sub_matrix
FNDA:300,s21_sub_matrix
FNF:1
FNH:1
DA:3,300
DA:4,300
DA:5,0
DA:7,300
DA:9,300
DA:10,15823
DA:11,753950
DA:12,738427
DA:16,300
LF:9
LH:8
end_of_record
TN:
SF:/Users/posidoni/s21_matrix/src/s21_sum_matrix.c
FN:3,s21_sum_matrix
FNDA:300,s21_sum_matrix
FNF:1
FNH:1
DA:3,300
DA:4,300
DA:5,0
DA:7,300
DA:9,300
DA:10,15828
DA:11,738191
DA:12,722663
DA:16,300
LF:9
LH:8
end_of_record
TN:
SF:/Users/posidoni/s21_matrix/src/s21_transpose.c
FN:3,s21_transpose
FNDA:3006,s21_transpose
FN:17,get_cofactor
FNDA:54,get_cofactor
FNF:2
FNH:2
DA:3,3006
DA:4,3006
DA:6,3006
DA:7,154464
DA:8,7822424
DA:9,7670966
DA:14,3006
DA:17,54
DA:19,216
DA:20,648
DA:21,486
DA:22,216
DA:23,216
DA:26,216
DA:28,108
DA:29,108
DA:34,54
LF:17
LH:17
end_of_record
